#
# There is insufficient memory for the Java Runtime Environment to continue.
# Native memory allocation (malloc) failed to allocate 1280656 bytes for Chunk::new
# Possible reasons:
#   The system is out of physical RAM or swap space
#   The process is running with CompressedOops enabled, and the Java Heap may be blocking the growth of the native heap
# Possible solutions:
#   Reduce memory load on the system
#   Increase physical memory or swap space
#   Check if swap backing store is full
#   Decrease Java heap size (-Xmx/-Xms)
#   Decrease number of Java threads
#   Decrease Java thread stack sizes (-Xss)
#   Set larger code cache with -XX:ReservedCodeCacheSize=
#   JVM is running with Unscaled Compressed Oops mode in which the Java heap is
#     placed in the first 4GB address space. The Java Heap base address is the
#     maximum limit for the native heap growth. Please use -XX:HeapBaseMinAddress
#     to set the Java Heap base and to place the Java Heap above 4GB virtual address.
# This output file may be truncated or incomplete.
#
#  Out of Memory Error (allocation.cpp:389), pid=21352, tid=0x0000000000002db0
#
# JRE version: OpenJDK Runtime Environment (8.0_202-b03) (build 1.8.0_202-release-1483-b03)
# Java VM: OpenJDK 64-Bit Server VM (25.202-b03 mixed mode windows-amd64 compressed oops)
# Failed to write core dump. Minidumps are not enabled by default on client versions of Windows
#

---------------  T H R E A D  ---------------

Current thread (0x0000000018de8000):  JavaThread "C2 CompilerThread2" daemon [_thread_in_native, id=11696, stack(0x00000000198e0000,0x00000000199e0000)]

Stack: [0x00000000198e0000,0x00000000199e0000]
[error occurred during error reporting (printing stack bounds), id 0xc0000005]

Native frames: (J=compiled Java code, j=interpreted, Vv=VM code, C=native code)


Current CompileTask:
C2: 243066 17675       4       org.gradle.api.internal.changedetection.state.CachingFileHasher::snapshot (114 bytes)


---------------  P R O C E S S  ---------------

Java Threads: ( => current thread )
  0x000000001f11a800 JavaThread "RMI TCP Connection(1)-127.0.0.1" daemon [_thread_in_native, id=10008, stack(0x0000000030370000,0x0000000030470000)]
  0x000000001f11b000 JavaThread "RMI Reaper" [_thread_blocked, id=4848, stack(0x0000000030270000,0x0000000030370000)]
  0x0000000020aac000 JavaThread "RMI TCP Accept-0" daemon [_thread_in_native, id=13052, stack(0x0000000030170000,0x0000000030270000)]
  0x0000000020aa4000 JavaThread "GC Daemon" daemon [_thread_blocked, id=19212, stack(0x000000002fb80000,0x000000002fc80000)]
  0x0000000020aab000 JavaThread "RMI RenewClean-[127.0.0.1:17313,org.jetbrains.kotlin.daemon.common.LoopbackNetworkInterface$ClientLoopbackSocketFactory@3e9bb460]" daemon [_thread_blocked, id=14096, stack(0x000000002f8b0000,0x000000002f9b0000)]
  0x0000000020aaa800 JavaThread "RMI Scheduler(0)" daemon [_thread_blocked, id=21128, stack(0x000000002f360000,0x000000002f460000)]
  0x0000000020aa6800 JavaThread "stdout" [_thread_in_native, id=20072, stack(0x0000000030070000,0x0000000030170000)]
  0x0000000020aa8000 JavaThread "stderr" [_thread_in_native, id=19900, stack(0x000000002ff70000,0x0000000030070000)]
  0x0000000020aa5800 JavaThread "pool-6-thread-1" [_thread_blocked, id=14628, stack(0x000000002fe70000,0x000000002ff70000)]
  0x0000000020aa7000 JavaThread "WorkerExecutor Queue Thread 2" [_thread_blocked, id=21032, stack(0x000000002fd70000,0x000000002fe70000)]
  0x0000000020aa5000 JavaThread "WorkerExecutor Queue" [_thread_blocked, id=13376, stack(0x000000002fa80000,0x000000002fb80000)]
  0x0000000020a9c800 JavaThread "Cache worker for execution history cache (C:\Users\Panthurax\Dropbox\FH-Joanneum\3.Semester\SWENGB\AndroidStudio\MovieReview\.gradle\5.4.1\executionHistory)" [_thread_blocked, id=18668, stack(0x000000002f260000,0x000000002f360000)]
  0x0000000020a9f800 JavaThread "Execution worker for ':' Thread 7" [_thread_in_Java, id=17964, stack(0x000000002f160000,0x000000002f260000)]
  0x0000000020aa0800 JavaThread "Execution worker for ':' Thread 6" [_thread_blocked, id=8164, stack(0x000000002ed40000,0x000000002ee40000)]
  0x0000000020a9f000 JavaThread "Execution worker for ':' Thread 5" [_thread_blocked, id=20156, stack(0x000000002ec40000,0x000000002ed40000)]
  0x0000000020a9e000 JavaThread "Execution worker for ':' Thread 4" [_thread_blocked, id=19072, stack(0x000000002cb00000,0x000000002cc00000)]
  0x0000000020aa1000 JavaThread "Execution worker for ':' Thread 3" [_thread_blocked, id=10192, stack(0x000000002c7c0000,0x000000002c8c0000)]
  0x0000000020aa3800 JavaThread "Execution worker for ':' Thread 2" [_thread_blocked, id=4456, stack(0x000000002c6c0000,0x000000002c7c0000)]
  0x000000002659e000 JavaThread "Execution worker for ':'" [_thread_blocked, id=424, stack(0x000000002bf80000,0x000000002c080000)]
  0x000000002659d000 JavaThread "Cache worker for file content cache (C:\Users\Panthurax\Dropbox\FH-Joanneum\3.Semester\SWENGB\AndroidStudio\MovieReview\.gradle\5.4.1\fileContent)" [_thread_blocked, id=10176, stack(0x000000002b9c0000,0x000000002bac0000)]
  0x000000002659b800 JavaThread "Cache worker for Build Output Cleanup Cache (C:\Users\Panthurax\Dropbox\FH-Joanneum\3.Semester\SWENGB\AndroidStudio\MovieReview\.gradle\buildOutputCleanup)" [_thread_blocked, id=12664, stack(0x000000002a2f0000,0x000000002a3f0000)]
  0x000000002659b000 JavaThread "Build operations Thread 8" [_thread_blocked, id=8740, stack(0x0000000025490000,0x0000000025590000)]
  0x000000002659c800 JavaThread "Build operations Thread 7" [_thread_blocked, id=10048, stack(0x0000000024d70000,0x0000000024e70000)]
  0x0000000026593800 JavaThread "Build operations Thread 6" [_thread_blocked, id=1940, stack(0x0000000024050000,0x0000000024150000)]
  0x000000002659a000 JavaThread "Build operations Thread 5" [_thread_blocked, id=19028, stack(0x0000000023d00000,0x0000000023e00000)]
  0x0000000026599800 JavaThread "Build operations Thread 4" [_thread_blocked, id=13432, stack(0x0000000023c00000,0x0000000023d00000)]
  0x0000000026598800 JavaThread "Build operations Thread 3" [_thread_blocked, id=16480, stack(0x0000000023b00000,0x0000000023c00000)]
  0x0000000026598000 JavaThread "Build operations Thread 2" [_thread_blocked, id=12248, stack(0x0000000023a00000,0x0000000023b00000)]
  0x0000000026597000 JavaThread "Build operations" [_thread_blocked, id=14036, stack(0x0000000023900000,0x0000000023a00000)]
  0x0000000026592800 JavaThread "Cache worker for cache directory md-rule (C:\Users\Panthurax\.gradle\caches\5.4.1\md-rule)" [_thread_blocked, id=13888, stack(0x0000000023800000,0x0000000023900000)]
  0x0000000026595000 JavaThread "Cache worker for cache directory md-supplier (C:\Users\Panthurax\.gradle\caches\5.4.1\md-supplier)" [_thread_blocked, id=21052, stack(0x0000000023700000,0x0000000023800000)]
  0x0000000026594000 JavaThread "Cache worker for file hash cache (C:\Users\Panthurax\Dropbox\FH-Joanneum\3.Semester\SWENGB\AndroidStudio\MovieReview\.gradle\5.4.1\fileHashes)" [_thread_blocked, id=20236, stack(0x0000000023600000,0x0000000023700000)]
  0x000000002658f800 JavaThread "Thread-81" [_thread_blocked, id=18576, stack(0x0000000022ba0000,0x0000000022ca0000)]
  0x0000000026591000 JavaThread "Stdin handler" [_thread_blocked, id=2372, stack(0x0000000022aa0000,0x0000000022ba0000)]
  0x0000000026592000 JavaThread "Asynchronous log dispatcher for DefaultDaemonConnection: socket connection from /127.0.0.1:57355 to /127.0.0.1:57712" [_thread_blocked, id=16612, stack(0x000000001ed40000,0x000000001ee40000)]
  0x000000002658f000 JavaThread "Cancel handler" [_thread_blocked, id=6152, stack(0x000000001bea0000,0x000000001bfa0000)]
  0x0000000026590800 JavaThread "Handler for socket connection from /127.0.0.1:57355 to /127.0.0.1:57712" [_thread_in_native, id=8220, stack(0x00000000015c0000,0x00000000016c0000)]
  0x0000000026596800 JavaThread "ForkJoinPool.commonPool-worker-1" daemon [_thread_blocked, id=15896, stack(0x0000000027070000,0x0000000027170000)]
  0x0000000020a9d800 JavaThread "Daemon worker Thread 2" [_thread_blocked, id=14912, stack(0x000000001c2a0000,0x000000001c3a0000)]
  0x0000000020aa2800 JavaThread "Daemon Thread 2" [_thread_blocked, id=10124, stack(0x00000000014c0000,0x00000000015c0000)]
  0x000000001f122800 JavaThread "Cache worker for file content cache (C:\Users\Panthurax\.gradle\caches\5.4.1\fileContent)" [_thread_blocked, id=21492, stack(0x0000000024c70000,0x0000000024d70000)]
  0x000000001f125000 JavaThread "Memory manager" [_thread_blocked, id=19576, stack(0x0000000024350000,0x0000000024450000)]
  0x000000001f119800 JavaThread "Cache worker for execution history cache (C:\Users\Panthurax\.gradle\caches\5.4.1\executionHistory)" [_thread_blocked, id=19240, stack(0x0000000022ca0000,0x0000000022da0000)]
  0x0000000018df5800 JavaThread "Cache worker for journal cache (C:\Users\Panthurax\.gradle\caches\journal-1)" [_thread_blocked, id=14264, stack(0x000000001da70000,0x000000001db70000)]
  0x0000000018df4800 JavaThread "File lock request listener" [_thread_in_native, id=1476, stack(0x000000001d970000,0x000000001da70000)]
  0x000000001b49e800 JavaThread "Cache worker for file hash cache (C:\Users\Panthurax\.gradle\caches\5.4.1\fileHashes)" [_thread_blocked, id=912, stack(0x000000001d870000,0x000000001d970000)]
  0x000000001b2cc000 JavaThread "Daemon periodic checks" [_thread_blocked, id=20588, stack(0x000000001bda0000,0x000000001bea0000)]
  0x000000001b0ac000 JavaThread "Incoming local TCP Connector on port 57355" [_thread_in_native, id=5576, stack(0x000000001bb30000,0x000000001bc30000)]
  0x000000001ab73800 JavaThread "Daemon health stats" [_thread_blocked, id=12168, stack(0x000000001b4f0000,0x000000001b5f0000)]
  0x0000000018e89000 JavaThread "Service Thread" daemon [_thread_blocked, id=4544, stack(0x0000000019ae0000,0x0000000019be0000)]
  0x0000000018df9000 JavaThread "C1 CompilerThread3" daemon [_thread_blocked, id=10128, stack(0x00000000199e0000,0x0000000019ae0000)]
=>0x0000000018de8000 JavaThread "C2 CompilerThread2" daemon [_thread_in_native, id=11696, stack(0x00000000198e0000,0x00000000199e0000)]
  0x0000000018ddc000 JavaThread "C2 CompilerThread1" daemon [_thread_in_native, id=5156, stack(0x00000000197e0000,0x00000000198e0000)]
  0x0000000018dd5000 JavaThread "C2 CompilerThread0" daemon [_thread_in_native, id=17764, stack(0x00000000196e0000,0x00000000197e0000)]
  0x0000000018de6000 JavaThread "Attach Listener" daemon [_thread_blocked, id=19580, stack(0x00000000195e0000,0x00000000196e0000)]
  0x0000000018de5000 JavaThread "Signal Dispatcher" daemon [_thread_blocked, id=8352, stack(0x00000000194e0000,0x00000000195e0000)]
  0x0000000018dd0800 JavaThread "Finalizer" daemon [_thread_blocked, id=13616, stack(0x00000000192b0000,0x00000000193b0000)]
  0x0000000003229800 JavaThread "Reference Handler" daemon [_thread_blocked, id=12708, stack(0x00000000191b0000,0x00000000192b0000)]
  0x00000000012ee800 JavaThread "main" [_thread_blocked, id=17020, stack(0x0000000003030000,0x0000000003130000)]

Other Threads:
  0x0000000016fe8800 VMThread [stack: 0x0000000018cb0000,0x0000000018db0000] [id=2604]
  0x0000000018e89800 WatcherThread [stack: 0x0000000019be0000,0x0000000019ce0000] [id=2948]

VM state:not at safepoint (normal execution)

VM Mutex/Monitor currently owned by a thread: None

heap address: 0x00000000a0000000, size: 1536 MB, Compressed Oops mode: 32-bit
Narrow klass base: 0x0000000000000000, Narrow klass shift: 3
Compressed class space size: 1073741824 Address: 0x0000000100000000

Heap:
 PSYoungGen      total 473600K, used 405709K [0x00000000e0000000, 0x0000000100000000, 0x0000000100000000)
  eden space 429056K, 94% used [0x00000000e0000000,0x00000000f8c33528,0x00000000fa300000)
  from space 44544K, 0% used [0x00000000fd480000,0x00000000fd480000,0x0000000100000000)
  to   space 47616K, 0% used [0x00000000fa300000,0x00000000fa300000,0x00000000fd180000)
 ParOldGen       total 260608K, used 73899K [0x00000000a0000000, 0x00000000afe80000, 0x00000000e0000000)
  object space 260608K, 28% used [0x00000000a0000000,0x00000000a482ac98,0x00000000afe80000)
 Metaspace       used 103578K, capacity 108186K, committed 108352K, reserved 1142784K
  class space    used 13492K, capacity 14379K, committed 14464K, reserved 1048576K

Card table byte_map: [0x00000000125f0000,0x0000000012900000] byte_map_base: 0x00000000120f0000

Marking Bits: (ParMarkBitMap*) 0x000000006d8b9f30
 Begin Bits: [0x0000000013300000, 0x0000000014b00000)
 End Bits:   [0x0000000014b00000, 0x0000000016300000)

Polling page: 0x0000000001800000

CodeCache: size=245760Kb used=49209Kb max_used=49287Kb free=196550Kb
 bounds [0x0000000003230000, 0x00000000062d0000, 0x0000000012230000]
 total_blobs=15514 nmethods=14647 adapters=775
 compilation: enabled

Compilation events (10 events):
Event: 242.967 Thread 0x0000000018df9000 17695       3       org.gradle.api.internal.file.collections.jdk7.Jdk7DirectoryWalker$1::postVisitDirectory (95 bytes)
Event: 242.968 Thread 0x0000000018df9000 nmethod 17695 0x00000000040dc3d0 code [0x00000000040dc680, 0x00000000040ddc68]
Event: 242.993 Thread 0x0000000018df9000 17697       1       org.gradle.api.internal.changedetection.state.CachingFileHasher$FileInfo::access$100 (5 bytes)
Event: 242.993 Thread 0x0000000018df9000 nmethod 17697 0x000000000430d890 code [0x000000000430d9e0, 0x000000000430dad0]
Event: 243.001 Thread 0x0000000018df9000 17698       1       org.gradle.internal.Try$Success::orElseMapFailure (5 bytes)
Event: 243.002 Thread 0x0000000018df9000 nmethod 17698 0x00000000040a3410 code [0x00000000040a3560, 0x00000000040a3670]
Event: 243.028 Thread 0x0000000018df9000 17699       3       org.gradle.api.internal.tasks.TaskPropertyUtils$StrictErrorsOnlyContext::visitError (1 bytes)
Event: 243.028 Thread 0x0000000018df9000 nmethod 17699 0x0000000005c559d0 code [0x0000000005c55b20, 0x0000000005c55c70]
Event: 243.028 Thread 0x0000000018df9000 17700       3       org.gradle.api.internal.tasks.properties.FileParameterUtils::normalizerOrDefault (11 bytes)
Event: 243.028 Thread 0x0000000018df9000 nmethod 17700 0x000000000347df90 code [0x000000000347e0e0, 0x000000000347e270]

GC Heap History (10 events):
Event: 15.564 GC heap before
{Heap before GC invocations=20 (full 3):
 PSYoungGen      total 479744K, used 445696K [0x00000000e0000000, 0x00000000ffe80000, 0x0000000100000000)
  eden space 437760K, 100% used [0x00000000e0000000,0x00000000fab80000,0x00000000fab80000)
  from space 41984K, 18% used [0x00000000fd580000,0x00000000fdd40000,0x00000000ffe80000)
  to   space 42496K, 0% used [0x00000000fab80000,0x00000000fab80000,0x00000000fd500000)
 ParOldGen       total 260608K, used 118986K [0x00000000a0000000, 0x00000000afe80000, 0x00000000e0000000)
  object space 260608K, 45% used [0x00000000a0000000,0x00000000a7432820,0x00000000afe80000)
 Metaspace       used 73712K, capacity 77096K, committed 77144K, reserved 1116160K
  class space    used 9944K, capacity 10613K, committed 10624K, reserved 1048576K
Event: 15.586 GC heap after
Heap after GC invocations=20 (full 3):
 PSYoungGen      total 480256K, used 8607K [0x00000000e0000000, 0x00000000ffe80000, 0x0000000100000000)
  eden space 437760K, 0% used [0x00000000e0000000,0x00000000e0000000,0x00000000fab80000)
  from space 42496K, 20% used [0x00000000fab80000,0x00000000fb3e7c50,0x00000000fd500000)
  to   space 41472K, 0% used [0x00000000fd600000,0x00000000fd600000,0x00000000ffe80000)
 ParOldGen       total 260608K, used 125871K [0x00000000a0000000, 0x00000000afe80000, 0x00000000e0000000)
  object space 260608K, 48% used [0x00000000a0000000,0x00000000a7aebc00,0x00000000afe80000)
 Metaspace       used 73712K, capacity 77096K, committed 77144K, reserved 1116160K
  class space    used 9944K, capacity 10613K, committed 10624K, reserved 1048576K
}
Event: 16.965 GC heap before
{Heap before GC invocations=21 (full 3):
 PSYoungGen      total 480256K, used 446367K [0x00000000e0000000, 0x00000000ffe80000, 0x0000000100000000)
  eden space 437760K, 100% used [0x00000000e0000000,0x00000000fab80000,0x00000000fab80000)
  from space 42496K, 20% used [0x00000000fab80000,0x00000000fb3e7c50,0x00000000fd500000)
  to   space 41472K, 0% used [0x00000000fd600000,0x00000000fd600000,0x00000000ffe80000)
 ParOldGen       total 260608K, used 125871K [0x00000000a0000000, 0x00000000afe80000, 0x00000000e0000000)
  object space 260608K, 48% used [0x00000000a0000000,0x00000000a7aebc00,0x00000000afe80000)
 Metaspace       used 73780K, capacity 77230K, committed 77400K, reserved 1116160K
  class space    used 9947K, capacity 10614K, committed 10624K, reserved 1048576K
Event: 16.987 GC heap after
Heap after GC invocations=21 (full 3):
 PSYoungGen      total 478208K, used 11264K [0x00000000e0000000, 0x00000000ffb00000, 0x0000000100000000)
  eden space 440320K, 0% used [0x00000000e0000000,0x00000000e0000000,0x00000000fae00000)
  from space 37888K, 29% used [0x00000000fd600000,0x00000000fe100010,0x00000000ffb00000)
  to   space 39424K, 0% used [0x00000000fae00000,0x00000000fae00000,0x00000000fd480000)
 ParOldGen       total 260608K, used 133219K [0x00000000a0000000, 0x00000000afe80000, 0x00000000e0000000)
  object space 260608K, 51% used [0x00000000a0000000,0x00000000a8218c38,0x00000000afe80000)
 Metaspace       used 73780K, capacity 77230K, committed 77400K, reserved 1116160K
  class space    used 9947K, capacity 10614K, committed 10624K, reserved 1048576K
}
Event: 19.004 GC heap before
{Heap before GC invocations=22 (full 3):
 PSYoungGen      total 478208K, used 451584K [0x00000000e0000000, 0x00000000ffb00000, 0x0000000100000000)
  eden space 440320K, 100% used [0x00000000e0000000,0x00000000fae00000,0x00000000fae00000)
  from space 37888K, 29% used [0x00000000fd600000,0x00000000fe100010,0x00000000ffb00000)
  to   space 39424K, 0% used [0x00000000fae00000,0x00000000fae00000,0x00000000fd480000)
 ParOldGen       total 260608K, used 133219K [0x00000000a0000000, 0x00000000afe80000, 0x00000000e0000000)
  object space 260608K, 51% used [0x00000000a0000000,0x00000000a8218c38,0x00000000afe80000)
 Metaspace       used 74016K, capacity 77444K, committed 77656K, reserved 1116160K
  class space    used 9951K, capacity 10615K, committed 10624K, reserved 1048576K
Event: 19.046 GC heap after
Heap after GC invocations=22 (full 3):
 PSYoungGen      total 479744K, used 35418K [0x00000000e0000000, 0x0000000100000000, 0x0000000100000000)
  eden space 440320K, 0% used [0x00000000e0000000,0x00000000e0000000,0x00000000fae00000)
  from space 39424K, 89% used [0x00000000fae00000,0x00000000fd096970,0x00000000fd480000)
  to   space 44544K, 0% used [0x00000000fd480000,0x00000000fd480000,0x0000000100000000)
 ParOldGen       total 260608K, used 143291K [0x00000000a0000000, 0x00000000afe80000, 0x00000000e0000000)
  object space 260608K, 54% used [0x00000000a0000000,0x00000000a8beec58,0x00000000afe80000)
 Metaspace       used 74016K, capacity 77444K, committed 77656K, reserved 1116160K
  class space    used 9951K, capacity 10615K, committed 10624K, reserved 1048576K
}
Event: 227.252 GC heap before
{Heap before GC invocations=23 (full 3):
 PSYoungGen      total 479744K, used 465275K [0x00000000e0000000, 0x0000000100000000, 0x0000000100000000)
  eden space 440320K, 97% used [0x00000000e0000000,0x00000000fa3c8598,0x00000000fae00000)
  from space 39424K, 89% used [0x00000000fae00000,0x00000000fd096970,0x00000000fd480000)
  to   space 44544K, 0% used [0x00000000fd480000,0x00000000fd480000,0x0000000100000000)
 ParOldGen       total 260608K, used 143291K [0x00000000a0000000, 0x00000000afe80000, 0x00000000e0000000)
  object space 260608K, 54% used [0x00000000a0000000,0x00000000a8beec58,0x00000000afe80000)
 Metaspace       used 93878K, capacity 98420K, committed 98496K, reserved 1134592K
  class space    used 12482K, capacity 13300K, committed 13312K, reserved 1048576K
Event: 227.285 GC heap after
Heap after GC invocations=23 (full 3):
 PSYoungGen      total 473600K, used 32502K [0x00000000e0000000, 0x0000000100000000, 0x0000000100000000)
  eden space 429056K, 0% used [0x00000000e0000000,0x00000000e0000000,0x00000000fa300000)
  from space 44544K, 72% used [0x00000000fd480000,0x00000000ff43da98,0x0000000100000000)
  to   space 47616K, 0% used [0x00000000fa300000,0x00000000fa300000,0x00000000fd180000)
 ParOldGen       total 260608K, used 143299K [0x00000000a0000000, 0x00000000afe80000, 0x00000000e0000000)
  object space 260608K, 54% used [0x00000000a0000000,0x00000000a8bf0c58,0x00000000afe80000)
 Metaspace       used 93878K, capacity 98420K, committed 98496K, reserved 1134592K
  class space    used 12482K, capacity 13300K, committed 13312K, reserved 1048576K
}
Event: 227.285 GC heap before
{Heap before GC invocations=24 (full 4):
 PSYoungGen      total 473600K, used 32502K [0x00000000e0000000, 0x0000000100000000, 0x0000000100000000)
  eden space 429056K, 0% used [0x00000000e0000000,0x00000000e0000000,0x00000000fa300000)
  from space 44544K, 72% used [0x00000000fd480000,0x00000000ff43da98,0x0000000100000000)
  to   space 47616K, 0% used [0x00000000fa300000,0x00000000fa300000,0x00000000fd180000)
 ParOldGen       total 260608K, used 143299K [0x00000000a0000000, 0x00000000afe80000, 0x00000000e0000000)
  object space 260608K, 54% used [0x00000000a0000000,0x00000000a8bf0c58,0x00000000afe80000)
 Metaspace       used 93878K, capacity 98420K, committed 98496K, reserved 1134592K
  class space    used 12482K, capacity 13300K, committed 13312K, reserved 1048576K
Event: 227.472 GC heap after
Heap after GC invocations=24 (full 4):
 PSYoungGen      total 473600K, used 0K [0x00000000e0000000, 0x0000000100000000, 0x0000000100000000)
  eden space 429056K, 0% used [0x00000000e0000000,0x00000000e0000000,0x00000000fa300000)
  from space 44544K, 0% used [0x00000000fd480000,0x00000000fd480000,0x0000000100000000)
  to   space 47616K, 0% used [0x00000000fa300000,0x00000000fa300000,0x00000000fd180000)
 ParOldGen       total 260608K, used 73899K [0x00000000a0000000, 0x00000000afe80000, 0x00000000e0000000)
  object space 260608K, 28% used [0x00000000a0000000,0x00000000a482ac98,0x00000000afe80000)
 Metaspace       used 93581K, capacity 97568K, committed 98496K, reserved 1134592K
  class space    used 12388K, capacity 13132K, committed 13312K, reserved 1048576K
}

Deoptimization events (10 events):
Event: 241.183 Thread 0x000000001f11a800 Uncommon trap: reason=bimorphic action=maybe_recompile pc=0x0000000003dff130 method=java.util.Hashtable.get(Ljava/lang/Object;)Ljava/lang/Object; @ 6
Event: 241.184 Thread 0x000000001f11a800 Uncommon trap: reason=bimorphic action=maybe_recompile pc=0x00000000050a1024 method=java.util.Hashtable.put(Ljava/lang/Object;Ljava/lang/Object;)Ljava/lang/Object; @ 18
Event: 241.184 Thread 0x000000001f11a800 Uncommon trap: reason=bimorphic action=maybe_recompile pc=0x0000000003dff130 method=java.util.Hashtable.get(Ljava/lang/Object;)Ljava/lang/Object; @ 6
Event: 241.184 Thread 0x000000001f11a800 Uncommon trap: reason=bimorphic action=maybe_recompile pc=0x00000000050a1024 method=java.util.Hashtable.put(Ljava/lang/Object;Ljava/lang/Object;)Ljava/lang/Object; @ 18
Event: 241.184 Thread 0x000000001f11a800 Uncommon trap: reason=class_check action=maybe_recompile pc=0x000000000421c73c method=java.io.FilterInputStream.read()I @ 4
Event: 242.567 Thread 0x000000001f11a800 Uncommon trap: reason=class_check action=maybe_recompile pc=0x000000000421c73c method=java.io.FilterInputStream.read()I @ 4
Event: 242.568 Thread 0x000000001f11a800 Uncommon trap: reason=unstable_if action=reinterpret pc=0x0000000005ebbc80 method=java.io.ObjectInputStream$BlockDataInputStream.readUTFSpan(Ljava/lang/StringBuilder;J)J @ 35
Event: 242.570 Thread 0x000000001f11a800 Uncommon trap: reason=class_check action=maybe_recompile pc=0x000000000421c73c method=java.io.FilterInputStream.read()I @ 4
Event: 242.867 Thread 0x0000000020aa3800 Uncommon trap: reason=unstable_if action=reinterpret pc=0x00000000060d8a60 method=org.gradle.internal.snapshot.impl.DirectorySnapshotter$1.visitFile(Ljava/nio/file/Path;Ljava/nio/file/attribute/BasicFileAttributes;)Ljava/nio/file/FileVisitResult; @ 37
Event: 242.867 Thread 0x0000000020aa3800 Uncommon trap: reason=unstable_if action=reinterpret pc=0x00000000060e034c method=org.gradle.internal.snapshot.impl.DirectorySnapshotter$1.visitFile(Ljava/nio/file/Path;Ljava/nio/file/attribute/BasicFileAttributes;)Ljava/nio/file/FileVisitResult; @ 37

Classes redefined (0 events):
No events

Internal exceptions (10 events):
Event: 241.116 Thread 0x0000000020aa3800 Exception <a 'java/lang/NoSuchMethodError': <clinit>> (0x00000000f6c255a0) thrown at [D:\src\AOSP-openjdk-cygwin\jdk8u\hotspot\src\share\vm\prims\jni.cpp, line 1614]
Event: 241.122 Thread 0x0000000020aa3800 Exception <a 'java/lang/NoSuchMethodError': <clinit>> (0x00000000f6c3b870) thrown at [D:\src\AOSP-openjdk-cygwin\jdk8u\hotspot\src\share\vm\prims\jni.cpp, line 1614]
Event: 241.124 Thread 0x0000000020aa3800 Exception <a 'java/lang/NoSuchMethodError': <clinit>> (0x00000000f6cb46f0) thrown at [D:\src\AOSP-openjdk-cygwin\jdk8u\hotspot\src\share\vm\prims\jni.cpp, line 1614]
Event: 241.130 Thread 0x0000000020aab000 Exception <a 'java/lang/InterruptedException'> (0x00000000f6cfaa70) thrown at [D:\src\AOSP-openjdk-cygwin\jdk8u\hotspot\src\share\vm\runtime\objectMonitor.cpp, line 1680]
Event: 241.138 Thread 0x0000000020aa3800 Exception <a 'java/lang/NoSuchMethodError': <clinit>> (0x00000000f6d5bcd8) thrown at [D:\src\AOSP-openjdk-cygwin\jdk8u\hotspot\src\share\vm\prims\jni.cpp, line 1614]
Event: 241.139 Thread 0x0000000020aa3800 Exception <a 'java/lang/NoSuchMethodError': <clinit>> (0x00000000f6d69d58) thrown at [D:\src\AOSP-openjdk-cygwin\jdk8u\hotspot\src\share\vm\prims\jni.cpp, line 1614]
Event: 241.140 Thread 0x0000000020aa3800 Exception <a 'java/lang/NoSuchMethodError': <clinit>> (0x00000000f6d7e440) thrown at [D:\src\AOSP-openjdk-cygwin\jdk8u\hotspot\src\share\vm\prims\jni.cpp, line 1614]
Event: 241.146 Thread 0x0000000020aa3800 Exception <a 'java/lang/NoSuchMethodError': <clinit>> (0x00000000f6de0390) thrown at [D:\src\AOSP-openjdk-cygwin\jdk8u\hotspot\src\share\vm\prims\jni.cpp, line 1614]
Event: 241.166 Thread 0x0000000020aa3800 Exception <a 'java/lang/NoSuchMethodError': <clinit>> (0x00000000f6f209e0) thrown at [D:\src\AOSP-openjdk-cygwin\jdk8u\hotspot\src\share\vm\prims\jni.cpp, line 1614]
Event: 241.168 Thread 0x0000000020aa3800 Exception <a 'java/lang/NoSuchMethodError': <clinit>> (0x00000000f7020a88) thrown at [D:\src\AOSP-openjdk-cygwin\jdk8u\hotspot\src\share\vm\prims\jni.cpp, line 1614]

Events (10 events):
Event: 242.890 Thread 0x0000000018df9000 flushing nmethod 0x00000000043b54d0
Event: 242.905 Thread 0x0000000018df9000 flushing nmethod 0x0000000004712810
Event: 242.908 Executing VM operation: RevokeBias
Event: 242.909 Executing VM operation: RevokeBias done
Event: 242.952 Executing VM operation: RevokeBias
Event: 242.952 Executing VM operation: RevokeBias done
Event: 242.963 Thread 0x0000000018df9000 flushing nmethod 0x0000000005da10d0
Event: 242.963 Thread 0x0000000018df9000 flushing nmethod 0x0000000005e2e110
Event: 242.963 Thread 0x0000000018df9000 flushing nmethod 0x0000000005e2fad0
Event: 242.964 Thread 0x0000000018df9000 flushing nmethod 0x0000000005e9f7d0


Dynamic libraries:
0x00007ff6570c0000 - 0x00007ff6570f1000 	C:\Users\Panthurax\AppData\Local\JetBrains\Toolbox\apps\AndroidStudio\ch-0\191.5977832\jre\bin\java.exe
0x00007ffe9c8e0000 - 0x00007ffe9cad0000 	C:\WINDOWS\SYSTEM32\ntdll.dll
0x00007ffe9c220000 - 0x00007ffe9c2d2000 	C:\WINDOWS\System32\KERNEL32.DLL
0x00007ffe99d40000 - 0x00007ffe99fe3000 	C:\WINDOWS\System32\KERNELBASE.dll
0x00007ffe97830000 - 0x00007ffe978bf000 	C:\WINDOWS\SYSTEM32\apphelp.dll
0x00007ffe9c480000 - 0x00007ffe9c523000 	C:\WINDOWS\System32\ADVAPI32.dll
0x00007ffe9c5e0000 - 0x00007ffe9c67e000 	C:\WINDOWS\System32\msvcrt.dll
0x00007ffe9b0d0000 - 0x00007ffe9b167000 	C:\WINDOWS\System32\sechost.dll
0x00007ffe9a990000 - 0x00007ffe9aab0000 	C:\WINDOWS\System32\RPCRT4.dll
0x00007ffe9c2e0000 - 0x00007ffe9c474000 	C:\WINDOWS\System32\USER32.dll
0x00007ffe9a790000 - 0x00007ffe9a7b1000 	C:\WINDOWS\System32\win32u.dll
0x00007ffe9c710000 - 0x00007ffe9c736000 	C:\WINDOWS\System32\GDI32.dll
0x00007ffe99940000 - 0x00007ffe99ad4000 	C:\WINDOWS\System32\gdi32full.dll
0x00007ffe9a7c0000 - 0x00007ffe9a85e000 	C:\WINDOWS\System32\msvcp_win.dll
0x00007ffe9a890000 - 0x00007ffe9a98a000 	C:\WINDOWS\System32\ucrtbase.dll
0x00007ffe8a040000 - 0x00007ffe8a2c5000 	C:\WINDOWS\WinSxS\amd64_microsoft.windows.common-controls_6595b64144ccf1df_6.0.18362.476_none_e6c4b11b130f2595\COMCTL32.dll
0x00007ffe9bd70000 - 0x00007ffe9c0a6000 	C:\WINDOWS\System32\combase.dll
0x00007ffe998c0000 - 0x00007ffe99940000 	C:\WINDOWS\System32\bcryptPrimitives.dll
0x00007ffe9b910000 - 0x00007ffe9b93e000 	C:\WINDOWS\System32\IMM32.DLL
0x000000006f270000 - 0x000000006f342000 	C:\Users\Panthurax\AppData\Local\JetBrains\Toolbox\apps\AndroidStudio\ch-0\191.5977832\jre\jre\bin\msvcr100.dll
0x000000006d0f0000 - 0x000000006d936000 	C:\Users\Panthurax\AppData\Local\JetBrains\Toolbox\apps\AndroidStudio\ch-0\191.5977832\jre\jre\bin\server\jvm.dll
0x00007ffe9af20000 - 0x00007ffe9af28000 	C:\WINDOWS\System32\PSAPI.DLL
0x00007ffe94870000 - 0x00007ffe9487a000 	C:\WINDOWS\SYSTEM32\VERSION.dll
0x00007ffe89940000 - 0x00007ffe89964000 	C:\WINDOWS\SYSTEM32\WINMM.dll
0x00007ffe95570000 - 0x00007ffe95579000 	C:\WINDOWS\SYSTEM32\WSOCK32.dll
0x00007ffe9bd00000 - 0x00007ffe9bd6f000 	C:\WINDOWS\System32\WS2_32.dll
0x00007ffe898c0000 - 0x00007ffe898ed000 	C:\WINDOWS\SYSTEM32\winmmbase.dll
0x00007ffe99870000 - 0x00007ffe998ba000 	C:\WINDOWS\System32\cfgmgr32.dll
0x00007ffe88230000 - 0x00007ffe8823f000 	C:\Users\Panthurax\AppData\Local\JetBrains\Toolbox\apps\AndroidStudio\ch-0\191.5977832\jre\jre\bin\verify.dll
0x00007ffe846c0000 - 0x00007ffe846e9000 	C:\Users\Panthurax\AppData\Local\JetBrains\Toolbox\apps\AndroidStudio\ch-0\191.5977832\jre\jre\bin\java.dll
0x00007ffe807e0000 - 0x00007ffe807f6000 	C:\Users\Panthurax\AppData\Local\JetBrains\Toolbox\apps\AndroidStudio\ch-0\191.5977832\jre\jre\bin\zip.dll
0x00007ffe9b220000 - 0x00007ffe9b905000 	C:\WINDOWS\System32\SHELL32.dll
0x00007ffe9b170000 - 0x00007ffe9b219000 	C:\WINDOWS\System32\shcore.dll
0x00007ffe99ff0000 - 0x00007ffe9a76e000 	C:\WINDOWS\System32\windows.storage.dll
0x00007ffe997e0000 - 0x00007ffe997ff000 	C:\WINDOWS\System32\profapi.dll
0x00007ffe99820000 - 0x00007ffe9986a000 	C:\WINDOWS\System32\powrprof.dll
0x00007ffe997b0000 - 0x00007ffe997c0000 	C:\WINDOWS\System32\UMPDC.dll
0x00007ffe9c840000 - 0x00007ffe9c892000 	C:\WINDOWS\System32\shlwapi.dll
0x00007ffe997c0000 - 0x00007ffe997d1000 	C:\WINDOWS\System32\kernel.appcore.dll
0x00007ffe9a770000 - 0x00007ffe9a787000 	C:\WINDOWS\System32\cryptsp.dll
0x00007ffe807c0000 - 0x00007ffe807da000 	C:\Users\Panthurax\AppData\Local\JetBrains\Toolbox\apps\AndroidStudio\ch-0\191.5977832\jre\jre\bin\net.dll
0x00007ffe99020000 - 0x00007ffe99087000 	C:\WINDOWS\system32\mswsock.dll
0x00007ffe7fc10000 - 0x00007ffe7fc21000 	C:\Users\Panthurax\AppData\Local\JetBrains\Toolbox\apps\AndroidStudio\ch-0\191.5977832\jre\jre\bin\nio.dll
0x00007ffe936f0000 - 0x00007ffe93716000 	C:\Users\Panthurax\.gradle\native\29\windows-amd64\native-platform.dll
0x00007ffe87180000 - 0x00007ffe8718d000 	C:\Users\Panthurax\AppData\Local\JetBrains\Toolbox\apps\AndroidStudio\ch-0\191.5977832\jre\jre\bin\management.dll
0x00007ffe98b90000 - 0x00007ffe98bc3000 	C:\WINDOWS\system32\rsaenh.dll
0x00007ffe9a860000 - 0x00007ffe9a886000 	C:\WINDOWS\System32\bcrypt.dll
0x00007ffe996d0000 - 0x00007ffe996f5000 	C:\WINDOWS\SYSTEM32\USERENV.dll
0x00007ffe991f0000 - 0x00007ffe991fc000 	C:\WINDOWS\SYSTEM32\CRYPTBASE.dll
0x00007ffe98d30000 - 0x00007ffe98d6a000 	C:\WINDOWS\SYSTEM32\IPHLPAPI.DLL
0x00007ffe9c700000 - 0x00007ffe9c708000 	C:\WINDOWS\System32\NSI.dll
0x00007ffe949f0000 - 0x00007ffe94a06000 	C:\WINDOWS\SYSTEM32\dhcpcsvc6.DLL
0x00007ffe94d50000 - 0x00007ffe94d6c000 	C:\WINDOWS\SYSTEM32\dhcpcsvc.DLL
0x00007ffe98d70000 - 0x00007ffe98e3a000 	C:\WINDOWS\SYSTEM32\DNSAPI.dll

VM Arguments:
jvm_args: -Xmx1536m -Dfile.encoding=windows-1252 -Duser.country=AT -Duser.language=de -Duser.variant 
java_command: org.gradle.launcher.daemon.bootstrap.GradleDaemon 5.4.1
java_class_path (initial): C:\Users\Panthurax\.gradle\wrapper\dists\gradle-5.4.1-all\3221gyojl5jsh0helicew7rwx\gradle-5.4.1\lib\gradle-launcher-5.4.1.jar
Launcher Type: SUN_STANDARD

Environment Variables:
PATH=C:\Program Files\Haskell\bin;C:\Program Files\Haskell Platform\8.0.2-a\lib\extralibs\bin;C:\Program Files\Haskell Platform\8.0.2-a\bin;C:\ProgramData\Oracle\Java\javapath;C:\Program Files (x86)\Razer Chroma SDK\bin;C:\Program Files\Razer Chroma SDK\bin;C:\Windows\system32;C:\Windows;C:\Windows\System32\Wbem;C:\Windows\System32\WindowsPowerShell\v1.0\;C:\WINDOWS\system32;C:\WINDOWS;C:\WINDOWS\System32\Wbem;C:\WINDOWS\System32\WindowsPowerShell\v1.0\;C:\Program Files (x86)\NVIDIA Corporation\PhysX\Common;C:\WINDOWS\system32;C:\WINDOWS;C:\WINDOWS\System32\Wbem;C:\WINDOWS\System32\WindowsPowerShell\v1.0\;C:\WINDOWS\System32\OpenSSH\;C:\Program Files\NVIDIA Corporation\NVIDIA NvDLISR;C:\Program Files\Haskell Platform\8.0.2-a\mingw\bin;C:\Program Files\Microsoft SQL Server\Client SDK\ODBC\130\Tools\Binn\;C:\Program Files (x86)\Microsoft SQL Server\140\Tools\Binn\;C:\Program Files\Microsoft SQL Server\140\Tools\Binn\;C:\Program Files\Microsoft SQL Server\140\DTS\Binn\;C:\Program Files (x86)\Microsoft SQL Server\Client SDK\ODBC\130\Tools\Binn\;C:\Program Files (x86)\Microsoft SQL Server\140\DTS\Binn\;C:\Program Files (x86)\Microsoft SQL Server\140\Tools\Binn\ManagementStudio\;C:\Users\Panthurax\AppData\Local\Microsoft\WindowsApps;C:\Users\Panthurax\AppData\Local\atom\bin;C:\Users\Panthurax\AppData\Local\Microsoft\WindowsApps;C:\Users\Panthurax\AppData\Local\Programs\Git\cmd
USERNAME=Martin
OS=Windows_NT
PROCESSOR_IDENTIFIER=Intel64 Family 6 Model 60 Stepping 3, GenuineIntel



---------------  S Y S T E M  ---------------

OS: Windows 10.0 , 64 bit Build 18362 (10.0.18362.329)

CPU:total 8 (initial active 8) (4 cores per cpu, 2 threads per core) family 6 model 60 stepping 3, cmov, cx8, fxsr, mmx, sse, sse2, sse3, ssse3, sse4.1, sse4.2, popcnt, avx, avx2, aes, clmul, erms, lzcnt, ht, tsc, tscinvbit, bmi1, bmi2

Memory: 4k page, physical 16719804k(3061680k free), swap 16719804k(10444k free)

vm_info: OpenJDK 64-Bit Server VM (25.202-b03) for windows-amd64 JRE (1.8.0_202-release-1483-b03), built by "builder" with MS VC++ 10.0 (VS2010)

time: Wed Nov 27 20:22:32 2019
timezone: Mitteleuropäische Zeit
elapsed time: 243 seconds (0d 0h 4m 3s)

