#
# There is insufficient memory for the Java Runtime Environment to continue.
# Native memory allocation (malloc) failed to allocate 65552 bytes for Chunk::new
# Possible reasons:
#   The system is out of physical RAM or swap space
#   The process is running with CompressedOops enabled, and the Java Heap may be blocking the growth of the native heap
# Possible solutions:
#   Reduce memory load on the system
#   Increase physical memory or swap space
#   Check if swap backing store is full
#   Decrease Java heap size (-Xmx/-Xms)
#   Decrease number of Java threads
#   Decrease Java thread stack sizes (-Xss)
#   Set larger code cache with -XX:ReservedCodeCacheSize=
#   JVM is running with Unscaled Compressed Oops mode in which the Java heap is
#     placed in the first 4GB address space. The Java Heap base address is the
#     maximum limit for the native heap growth. Please use -XX:HeapBaseMinAddress
#     to set the Java Heap base and to place the Java Heap above 4GB virtual address.
# This output file may be truncated or incomplete.
#
#  Out of Memory Error (allocation.cpp:389), pid=20468, tid=0x0000000000004120
#
# JRE version: OpenJDK Runtime Environment (8.0_202-b03) (build 1.8.0_202-release-1483-b03)
# Java VM: OpenJDK 64-Bit Server VM (25.202-b03 mixed mode windows-amd64 compressed oops)
# Failed to write core dump. Minidumps are not enabled by default on client versions of Windows
#

---------------  T H R E A D  ---------------

Current thread (0x00000000186fd000):  JavaThread "C2 CompilerThread2" daemon [_thread_in_native, id=16672, stack(0x0000000019200000,0x0000000019300000)]

Stack: [0x0000000019200000,0x0000000019300000]
[error occurred during error reporting (printing stack bounds), id 0xc0000005]

Native frames: (J=compiled Java code, j=interpreted, Vv=VM code, C=native code)


Current CompileTask:
C2:3917861 38720       4       com.android.tools.r8.ir.conversion.N::buildPrelude (868 bytes)


---------------  P R O C E S S  ---------------

Java Threads: ( => current thread )
  0x000000001ee56800 JavaThread "stdout" [_thread_in_native, id=13428, stack(0x0000000035580000,0x0000000035680000)]
  0x000000001ee59800 JavaThread "stderr" [_thread_in_native, id=9616, stack(0x000000002f560000,0x000000002f660000)]
  0x000000001ee4f000 JavaThread "pool-23-thread-1" [_thread_blocked, id=15756, stack(0x000000002f460000,0x000000002f560000)]
  0x000000001ee56000 JavaThread "WorkerExecutor Queue Thread 2" [_thread_blocked, id=5588, stack(0x000000002e380000,0x000000002e480000)]
  0x000000001ee4d800 JavaThread "WorkerExecutor Queue" [_thread_blocked, id=21128, stack(0x000000002e280000,0x000000002e380000)]
  0x000000001ee4e800 JavaThread "Cache worker for execution history cache (C:\Users\Panthurax\Dropbox\FH-Joanneum\3.Semester\SWENGB\AndroidStudio\MovieReview\.gradle\5.4.1\executionHistory)" [_thread_blocked, id=10160, stack(0x000000002cf10000,0x000000002d010000)]
  0x00000000261c4800 JavaThread "Execution worker for ':' Thread 7" [_thread_in_Java, id=16912, stack(0x000000002bb80000,0x000000002bc80000)]
  0x00000000261c4000 JavaThread "Execution worker for ':' Thread 6" [_thread_in_Java, id=18900, stack(0x000000002b780000,0x000000002b880000)]
  0x00000000261c1000 JavaThread "Execution worker for ':' Thread 5" [_thread_in_native, id=5676, stack(0x000000002a4a0000,0x000000002a5a0000)]
  0x00000000261c0000 JavaThread "Execution worker for ':' Thread 4" [_thread_in_Java, id=19596, stack(0x000000002a3a0000,0x000000002a4a0000)]
  0x00000000261c3000 JavaThread "Execution worker for ':' Thread 3" [_thread_in_Java, id=21440, stack(0x000000002a2a0000,0x000000002a3a0000)]
  0x00000000261b8000 JavaThread "Execution worker for ':' Thread 2" [_thread_in_Java, id=4832, stack(0x0000000029f20000,0x000000002a020000)]
  0x00000000261bc800 JavaThread "Execution worker for ':'" [_thread_in_native, id=13692, stack(0x0000000029e20000,0x0000000029f20000)]
  0x00000000261be800 JavaThread "Cache worker for file content cache (C:\Users\Panthurax\Dropbox\FH-Joanneum\3.Semester\SWENGB\AndroidStudio\MovieReview\.gradle\5.4.1\fileContent)" [_thread_blocked, id=6064, stack(0x0000000029d20000,0x0000000029e20000)]
  0x00000000261b7000 JavaThread "Cache worker for Build Output Cleanup Cache (C:\Users\Panthurax\Dropbox\FH-Joanneum\3.Semester\SWENGB\AndroidStudio\MovieReview\.gradle\buildOutputCleanup)" [_thread_blocked, id=4440, stack(0x0000000029c20000,0x0000000029d20000)]
  0x00000000261bb800 JavaThread "Build operations Thread 8" [_thread_blocked, id=16316, stack(0x0000000029b20000,0x0000000029c20000)]
  0x000000001f7ab000 JavaThread "Build operations Thread 7" [_thread_blocked, id=8132, stack(0x0000000029a20000,0x0000000029b20000)]
  0x000000001f7aa000 JavaThread "Build operations Thread 6" [_thread_blocked, id=588, stack(0x0000000029720000,0x0000000029820000)]
  0x000000001f7a9800 JavaThread "Build operations Thread 5" [_thread_blocked, id=20556, stack(0x0000000028920000,0x0000000028a20000)]
  0x000000001f7a8800 JavaThread "Build operations Thread 4" [_thread_blocked, id=7892, stack(0x0000000028620000,0x0000000028720000)]
  0x000000001f7a0800 JavaThread "Build operations Thread 3" [_thread_blocked, id=4456, stack(0x00000000281d0000,0x00000000282d0000)]
  0x000000001f79f800 JavaThread "Build operations Thread 2" [_thread_blocked, id=18976, stack(0x00000000280d0000,0x00000000281d0000)]
  0x000000001f7a6800 JavaThread "Build operations" [_thread_blocked, id=5416, stack(0x0000000026b40000,0x0000000026c40000)]
  0x000000001f7a5800 JavaThread "Cache worker for cache directory md-rule (C:\Users\Panthurax\.gradle\caches\5.4.1\md-rule)" [_thread_blocked, id=18872, stack(0x00000000255f0000,0x00000000256f0000)]
  0x000000001f79f000 JavaThread "Cache worker for cache directory md-supplier (C:\Users\Panthurax\.gradle\caches\5.4.1\md-supplier)" [_thread_blocked, id=20588, stack(0x00000000246d0000,0x00000000247d0000)]
  0x000000001f7a2000 JavaThread "Cache worker for file hash cache (C:\Users\Panthurax\Dropbox\FH-Joanneum\3.Semester\SWENGB\AndroidStudio\MovieReview\.gradle\5.4.1\fileHashes)" [_thread_blocked, id=13896, stack(0x0000000023fd0000,0x00000000240d0000)]
  0x000000001f79e000 JavaThread "Thread-298" [_thread_blocked, id=13568, stack(0x0000000023ed0000,0x0000000023fd0000)]
  0x000000001f7a5000 JavaThread "Stdin handler" [_thread_blocked, id=19280, stack(0x0000000023bd0000,0x0000000023cd0000)]
  0x000000001f79d800 JavaThread "Asynchronous log dispatcher for DefaultDaemonConnection: socket connection from /127.0.0.1:56015 to /127.0.0.1:57226" [_thread_blocked, id=5624, stack(0x0000000023ad0000,0x0000000023bd0000)]
  0x000000001f79c800 JavaThread "Cancel handler" [_thread_blocked, id=13560, stack(0x00000000231d0000,0x00000000232d0000)]
  0x000000001f7a3800 JavaThread "Handler for socket connection from /127.0.0.1:56015 to /127.0.0.1:57226" [_thread_in_native, id=6212, stack(0x000000001f7f0000,0x000000001f8f0000)]
  0x000000001ee5a800 JavaThread "ForkJoinPool.commonPool-worker-3" daemon [_thread_blocked, id=19464, stack(0x0000000037bd0000,0x0000000037cd0000)]
  0x000000001ee59000 JavaThread "ForkJoinPool.commonPool-worker-2" daemon [_thread_blocked, id=19504, stack(0x0000000037ad0000,0x0000000037bd0000)]
  0x000000001ee50800 JavaThread "RMI TCP Connection(idle)" daemon [_thread_blocked, id=7052, stack(0x0000000037610000,0x0000000037710000)]
  0x000000001ee50000 JavaThread "RMI TCP Accept-0" daemon [_thread_in_native, id=6868, stack(0x0000000037510000,0x0000000037610000)]
  0x00000000261b8800 JavaThread "RMI TCP Connection(idle)" daemon [_thread_blocked, id=10904, stack(0x0000000035780000,0x0000000035880000)]
  0x00000000261b6800 JavaThread "Daemon worker Thread 6" [_thread_in_Java, id=18476, stack(0x000000001bd80000,0x000000001be80000)]
  0x00000000261bb000 JavaThread "Daemon Thread 6" [_thread_blocked, id=14756, stack(0x000000001b880000,0x000000001b980000)]
  0x00000000261b9800 JavaThread "RMI TCP Connection(idle)" daemon [_thread_blocked, id=13476, stack(0x000000001b780000,0x000000001b880000)]
  0x000000001e874800 JavaThread "Cache worker for Java compile cache (C:\Users\Panthurax\.gradle\caches\5.4.1\javaCompile)" [_thread_blocked, id=5720, stack(0x000000002b380000,0x000000002b480000)]
  0x000000001e874000 JavaThread "RMI Reaper" [_thread_blocked, id=17328, stack(0x000000002b680000,0x000000002b780000)]
  0x000000001e871800 JavaThread "RMI TCP Accept-0" daemon [_thread_in_native, id=21064, stack(0x000000002b580000,0x000000002b680000)]
  0x000000001e872800 JavaThread "GC Daemon" daemon [_thread_blocked, id=13296, stack(0x000000002b480000,0x000000002b580000)]
  0x000000001e873000 JavaThread "RMI Scheduler(0)" daemon [_thread_blocked, id=3088, stack(0x000000002a620000,0x000000002a720000)]
  0x00000000261bf800 JavaThread "Cache worker for file content cache (C:\Users\Panthurax\.gradle\caches\5.4.1\fileContent)" [_thread_blocked, id=3376, stack(0x0000000028520000,0x0000000028620000)]
  0x000000001e24d000 JavaThread "Memory manager" [_thread_blocked, id=18280, stack(0x00000000247d0000,0x00000000248d0000)]
  0x000000001aa8f800 JavaThread "Cache worker for execution history cache (C:\Users\Panthurax\.gradle\caches\5.4.1\executionHistory)" [_thread_blocked, id=12036, stack(0x0000000021700000,0x0000000021800000)]
  0x000000001aa93800 JavaThread "Cache worker for journal cache (C:\Users\Panthurax\.gradle\caches\journal-1)" [_thread_in_native, id=20400, stack(0x000000001d350000,0x000000001d450000)]
  0x000000001aa92800 JavaThread "File lock request listener" [_thread_in_native, id=9180, stack(0x000000001d250000,0x000000001d350000)]
  0x000000001adb4800 JavaThread "Cache worker for file hash cache (C:\Users\Panthurax\.gradle\caches\5.4.1\fileHashes)" [_thread_blocked, id=14564, stack(0x000000001d150000,0x000000001d250000)]
  0x000000001a75e000 JavaThread "Daemon periodic checks" [_thread_blocked, id=5168, stack(0x000000001b680000,0x000000001b780000)]
  0x000000001a0d1000 JavaThread "Incoming local TCP Connector on port 56015" [_thread_in_native, id=10208, stack(0x000000001b410000,0x000000001b510000)]
  0x000000001a676000 JavaThread "Daemon health stats" [_thread_blocked, id=15584, stack(0x000000001add0000,0x000000001aed0000)]
  0x0000000018759000 JavaThread "Service Thread" daemon [_thread_blocked, id=18152, stack(0x0000000019400000,0x0000000019500000)]
  0x000000001870c000 JavaThread "C1 CompilerThread3" daemon [_thread_blocked, id=21292, stack(0x0000000019300000,0x0000000019400000)]
=>0x00000000186fd000 JavaThread "C2 CompilerThread2" daemon [_thread_in_native, id=16672, stack(0x0000000019200000,0x0000000019300000)]
  0x00000000186f8800 JavaThread "C2 CompilerThread1" daemon [_thread_in_native, id=9380, stack(0x0000000019100000,0x0000000019200000)]
  0x00000000186f5800 JavaThread "C2 CompilerThread0" daemon [_thread_in_native, id=12624, stack(0x0000000019000000,0x0000000019100000)]
  0x00000000186f5000 JavaThread "Attach Listener" daemon [_thread_blocked, id=13148, stack(0x0000000018f00000,0x0000000019000000)]
  0x0000000018706000 JavaThread "Signal Dispatcher" daemon [_thread_blocked, id=10988, stack(0x0000000018e00000,0x0000000018f00000)]
  0x00000000186f1800 JavaThread "Finalizer" daemon [_thread_blocked, id=17348, stack(0x0000000018bd0000,0x0000000018cd0000)]
  0x00000000186f0800 JavaThread "Reference Handler" daemon [_thread_blocked, id=20784, stack(0x0000000018ad0000,0x0000000018bd0000)]
  0x000000000290e800 JavaThread "main" [_thread_blocked, id=1032, stack(0x0000000002920000,0x0000000002a20000)]

Other Threads:
  0x00000000168d8800 VMThread [stack: 0x00000000185d0000,0x00000000186d0000] [id=13004]
  0x000000001875e800 WatcherThread [stack: 0x0000000019500000,0x0000000019600000] [id=18492]

VM state:not at safepoint (normal execution)

VM Mutex/Monitor currently owned by a thread: None

OutOfMemory and StackOverflow Exception counts:
OutOfMemoryError java_heap_errors=1

heap address: 0x00000000a0000000, size: 1536 MB, Compressed Oops mode: 32-bit
Narrow klass base: 0x0000000000000000, Narrow klass shift: 3
Compressed class space size: 1073741824 Address: 0x0000000100000000

Heap:
 PSYoungGen      total 475648K, used 289388K [0x00000000e0000000, 0x00000000ffa00000, 0x0000000100000000)
  eden space 432128K, 63% used [0x00000000e0000000,0x00000000f0d9fc30,0x00000000fa600000)
  from space 43520K, 30% used [0x00000000fcf80000,0x00000000fdc7b730,0x00000000ffa00000)
  to   space 42496K, 0% used [0x00000000fa600000,0x00000000fa600000,0x00000000fcf80000)
 ParOldGen       total 422400K, used 165062K [0x00000000a0000000, 0x00000000b9c80000, 0x00000000e0000000)
  object space 422400K, 39% used [0x00000000a0000000,0x00000000aa131830,0x00000000b9c80000)
 Metaspace       used 146991K, capacity 154262K, committed 154752K, reserved 1183744K
  class space    used 18416K, capacity 19674K, committed 19840K, reserved 1048576K

Card table byte_map: [0x0000000011ee0000,0x00000000121f0000] byte_map_base: 0x00000000119e0000

Marking Bits: (ParMarkBitMap*) 0x000000006d8b9f30
 Begin Bits: [0x0000000012bf0000, 0x00000000143f0000)
 End Bits:   [0x00000000143f0000, 0x0000000015bf0000)

Polling page: 0x0000000000bf0000

CodeCache: size=245760Kb used=110905Kb max_used=110908Kb free=134854Kb
 bounds [0x0000000002b20000, 0x0000000009880000, 0x0000000011b20000]
 total_blobs=30212 nmethods=29257 adapters=866
 compilation: enabled

Compilation events (10 events):
Event: 3917.841 Thread 0x000000001870c000 38893 %     3       com.android.tools.r8.graph.DexAnnotationSet::b @ 15 (60 bytes)
Event: 3917.842 Thread 0x000000001870c000 nmethod 38893% 0x0000000008c37410 code [0x0000000008c37600, 0x0000000008c38018]
Event: 3917.852 Thread 0x000000001870c000 38894       2       com.android.tools.r8.t.a.a.G.t::a (28 bytes)
Event: 3917.853 Thread 0x000000001870c000 nmethod 38894 0x00000000087adf90 code [0x00000000087ae120, 0x00000000087ae4e8]
Event: 3917.853 Thread 0x000000001870c000 38895       2       com.android.tools.r8.t.a.a.G.w::<init> (32 bytes)
Event: 3917.853 Thread 0x000000001870c000 nmethod 38895 0x000000000874b2d0 code [0x000000000874b440, 0x000000000874b628]
Event: 3917.855 Thread 0x000000001870c000 38897       2       com.android.tools.r8.ir.analysis.type.ArrayTypeLatticeElement$$Lambda$1332/1376925308::apply (16 bytes)
Event: 3917.856 Thread 0x000000001870c000 nmethod 38897 0x000000000874ae50 code [0x000000000874afc0, 0x000000000874b1a8]
Event: 3917.856 Thread 0x000000001870c000 38898       2       com.android.tools.r8.ir.analysis.type.ArrayTypeLatticeElement::a (39 bytes)
Event: 3917.856 Thread 0x000000001870c000 nmethod 38898 0x00000000084db6d0 code [0x00000000084db840, 0x00000000084dba08]

GC Heap History (10 events):
Event: 3875.925 GC heap before
{Heap before GC invocations=69 (full 5):
 PSYoungGen      total 433152K, used 433090K [0x00000000e0000000, 0x00000000ffd80000, 0x0000000100000000)
  eden space 422400K, 100% used [0x00000000e0000000,0x00000000f9c80000,0x00000000f9c80000)
  from space 10752K, 99% used [0x00000000f9c80000,0x00000000fa6f0928,0x00000000fa700000)
  to   space 49664K, 0% used [0x00000000fcd00000,0x00000000fcd00000,0x00000000ffd80000)
 ParOldGen       total 422400K, used 127875K [0x00000000a0000000, 0x00000000b9c80000, 0x00000000e0000000)
  object space 422400K, 30% used [0x00000000a0000000,0x00000000a7ce0dd8,0x00000000b9c80000)
 Metaspace       used 144658K, capacity 151468K, committed 152448K, reserved 1181696K
  class space    used 18111K, capacity 19313K, committed 19584K, reserved 1048576K
Event: 3875.946 GC heap after
Heap after GC invocations=69 (full 5):
 PSYoungGen      total 473088K, used 9120K [0x00000000e0000000, 0x0000000100000000, 0x0000000100000000)
  eden space 423424K, 0% used [0x00000000e0000000,0x00000000e0000000,0x00000000f9d80000)
  from space 49664K, 18% used [0x00000000fcd00000,0x00000000fd5e8030,0x00000000ffd80000)
  to   space 48640K, 0% used [0x00000000f9d80000,0x00000000f9d80000,0x00000000fcd00000)
 ParOldGen       total 422400K, used 136665K [0x00000000a0000000, 0x00000000b9c80000, 0x00000000e0000000)
  object space 422400K, 32% used [0x00000000a0000000,0x00000000a8576540,0x00000000b9c80000)
 Metaspace       used 144658K, capacity 151468K, committed 152448K, reserved 1181696K
  class space    used 18111K, capacity 19313K, committed 19584K, reserved 1048576K
}
Event: 3877.573 GC heap before
{Heap before GC invocations=70 (full 5):
 PSYoungGen      total 473088K, used 432544K [0x00000000e0000000, 0x0000000100000000, 0x0000000100000000)
  eden space 423424K, 100% used [0x00000000e0000000,0x00000000f9d80000,0x00000000f9d80000)
  from space 49664K, 18% used [0x00000000fcd00000,0x00000000fd5e8030,0x00000000ffd80000)
  to   space 48640K, 0% used [0x00000000f9d80000,0x00000000f9d80000,0x00000000fcd00000)
 ParOldGen       total 422400K, used 136665K [0x00000000a0000000, 0x00000000b9c80000, 0x00000000e0000000)
  object space 422400K, 32% used [0x00000000a0000000,0x00000000a8576540,0x00000000b9c80000)
 Metaspace       used 145238K, capacity 152134K, committed 152960K, reserved 1183744K
  class space    used 18179K, capacity 19408K, committed 19584K, reserved 1048576K
Event: 3877.594 GC heap after
Heap after GC invocations=70 (full 5):
 PSYoungGen      total 472064K, used 9571K [0x00000000e0000000, 0x00000000ffd00000, 0x0000000100000000)
  eden space 423424K, 0% used [0x00000000e0000000,0x00000000e0000000,0x00000000f9d80000)
  from space 48640K, 19% used [0x00000000f9d80000,0x00000000fa6d8f00,0x00000000fcd00000)
  to   space 47616K, 0% used [0x00000000fce80000,0x00000000fce80000,0x00000000ffd00000)
 ParOldGen       total 422400K, used 144577K [0x00000000a0000000, 0x00000000b9c80000, 0x00000000e0000000)
  object space 422400K, 34% used [0x00000000a0000000,0x00000000a8d30550,0x00000000b9c80000)
 Metaspace       used 145238K, capacity 152134K, committed 152960K, reserved 1183744K
  class space    used 18179K, capacity 19408K, committed 19584K, reserved 1048576K
}
Event: 3879.700 GC heap before
{Heap before GC invocations=71 (full 5):
 PSYoungGen      total 472064K, used 432538K [0x00000000e0000000, 0x00000000ffd00000, 0x0000000100000000)
  eden space 423424K, 99% used [0x00000000e0000000,0x00000000f9d0dc48,0x00000000f9d80000)
  from space 48640K, 19% used [0x00000000f9d80000,0x00000000fa6d8f00,0x00000000fcd00000)
  to   space 47616K, 0% used [0x00000000fce80000,0x00000000fce80000,0x00000000ffd00000)
 ParOldGen       total 422400K, used 144577K [0x00000000a0000000, 0x00000000b9c80000, 0x00000000e0000000)
  object space 422400K, 34% used [0x00000000a0000000,0x00000000a8d30550,0x00000000b9c80000)
 Metaspace       used 145271K, capacity 152198K, committed 152960K, reserved 1183744K
  class space    used 18180K, capacity 19408K, committed 19584K, reserved 1048576K
Event: 3879.713 GC heap after
Heap after GC invocations=71 (full 5):
 PSYoungGen      total 474624K, used 7516K [0x00000000e0000000, 0x00000000ffd00000, 0x0000000100000000)
  eden space 427008K, 0% used [0x00000000e0000000,0x00000000e0000000,0x00000000fa100000)
  from space 47616K, 15% used [0x00000000fce80000,0x00000000fd5d7170,0x00000000ffd00000)
  to   space 46592K, 0% used [0x00000000fa100000,0x00000000fa100000,0x00000000fce80000)
 ParOldGen       total 422400K, used 151558K [0x00000000a0000000, 0x00000000b9c80000, 0x00000000e0000000)
  object space 422400K, 35% used [0x00000000a0000000,0x00000000a9401b08,0x00000000b9c80000)
 Metaspace       used 145271K, capacity 152198K, committed 152960K, reserved 1183744K
  class space    used 18180K, capacity 19408K, committed 19584K, reserved 1048576K
}
Event: 3917.129 GC heap before
{Heap before GC invocations=72 (full 5):
 PSYoungGen      total 474624K, used 434524K [0x00000000e0000000, 0x00000000ffd00000, 0x0000000100000000)
  eden space 427008K, 100% used [0x00000000e0000000,0x00000000fa100000,0x00000000fa100000)
  from space 47616K, 15% used [0x00000000fce80000,0x00000000fd5d7170,0x00000000ffd00000)
  to   space 46592K, 0% used [0x00000000fa100000,0x00000000fa100000,0x00000000fce80000)
 ParOldGen       total 422400K, used 151558K [0x00000000a0000000, 0x00000000b9c80000, 0x00000000e0000000)
  object space 422400K, 35% used [0x00000000a0000000,0x00000000a9401b08,0x00000000b9c80000)
 Metaspace       used 146948K, capacity 154198K, committed 154752K, reserved 1183744K
  class space    used 18415K, capacity 19674K, committed 19840K, reserved 1048576K
Event: 3917.143 GC heap after
Heap after GC invocations=72 (full 5):
 PSYoungGen      total 473600K, used 11581K [0x00000000e0000000, 0x00000000ffb00000, 0x0000000100000000)
  eden space 427008K, 0% used [0x00000000e0000000,0x00000000e0000000,0x00000000fa100000)
  from space 46592K, 24% used [0x00000000fa100000,0x00000000fac4f4a8,0x00000000fce80000)
  to   space 44544K, 0% used [0x00000000fcf80000,0x00000000fcf80000,0x00000000ffb00000)
 ParOldGen       total 422400K, used 157542K [0x00000000a0000000, 0x00000000b9c80000, 0x00000000e0000000)
  object space 422400K, 37% used [0x00000000a0000000,0x00000000a99d9b48,0x00000000b9c80000)
 Metaspace       used 146948K, capacity 154198K, committed 154752K, reserved 1183744K
  class space    used 18415K, capacity 19674K, committed 19840K, reserved 1048576K
}
Event: 3917.580 GC heap before
{Heap before GC invocations=73 (full 5):
 PSYoungGen      total 473600K, used 438589K [0x00000000e0000000, 0x00000000ffb00000, 0x0000000100000000)
  eden space 427008K, 100% used [0x00000000e0000000,0x00000000fa100000,0x00000000fa100000)
  from space 46592K, 24% used [0x00000000fa100000,0x00000000fac4f4a8,0x00000000fce80000)
  to   space 44544K, 0% used [0x00000000fcf80000,0x00000000fcf80000,0x00000000ffb00000)
 ParOldGen       total 422400K, used 157542K [0x00000000a0000000, 0x00000000b9c80000, 0x00000000e0000000)
  object space 422400K, 37% used [0x00000000a0000000,0x00000000a99d9b48,0x00000000b9c80000)
 Metaspace       used 146985K, capacity 154262K, committed 154752K, reserved 1183744K
  class space    used 18416K, capacity 19674K, committed 19840K, reserved 1048576K
Event: 3917.600 GC heap after
Heap after GC invocations=73 (full 5):
 PSYoungGen      total 475648K, used 13293K [0x00000000e0000000, 0x00000000ffa00000, 0x0000000100000000)
  eden space 432128K, 0% used [0x00000000e0000000,0x00000000e0000000,0x00000000fa600000)
  from space 43520K, 30% used [0x00000000fcf80000,0x00000000fdc7b730,0x00000000ffa00000)
  to   space 42496K, 0% used [0x00000000fa600000,0x00000000fa600000,0x00000000fcf80000)
 ParOldGen       total 422400K, used 165062K [0x00000000a0000000, 0x00000000b9c80000, 0x00000000e0000000)
  object space 422400K, 39% used [0x00000000a0000000,0x00000000aa131830,0x00000000b9c80000)
 Metaspace       used 146985K, capacity 154262K, committed 154752K, reserved 1183744K
  class space    used 18416K, capacity 19674K, committed 19840K, reserved 1048576K
}

Deoptimization events (10 events):
Event: 3881.182 Thread 0x000000001c61a800 Uncommon trap: reason=unstable_if action=reinterpret pc=0x0000000007b0fec4 method=java.util.concurrent.locks.AbstractQueuedSynchronizer$ConditionObject.awaitNanos(J)J @ 115
Event: 3915.723 Thread 0x000000001f7a8800 Uncommon trap: reason=unstable_if action=reinterpret pc=0x0000000006ece9dc method=java.util.concurrent.ConcurrentHashMap.addCount(JI)V @ 168
Event: 3917.016 Thread 0x00000000261c1000 Uncommon trap: reason=unstable_if action=reinterpret pc=0x00000000096001b4 method=com.android.tools.r8.utils.InternalOptions.s()Z @ 10
Event: 3917.016 Thread 0x00000000261b6800 Uncommon trap: reason=unstable_if action=reinterpret pc=0x00000000096001b4 method=com.android.tools.r8.utils.InternalOptions.s()Z @ 10
Event: 3917.024 Thread 0x00000000261c0000 Uncommon trap: reason=unstable_if action=reinterpret pc=0x0000000007ad0494 method=com.android.tools.r8.utils.InternalOptions.s()Z @ 10
Event: 3917.027 Thread 0x00000000261c1000 Uncommon trap: reason=unstable_if action=reinterpret pc=0x0000000008dfba90 method=com.android.tools.r8.utils.InternalOptions.s()Z @ 10
Event: 3917.032 Thread 0x00000000261c1000 Uncommon trap: reason=unstable_if action=reinterpret pc=0x000000000862bc00 method=com.android.tools.r8.utils.InternalOptions.s()Z @ 10
Event: 3917.145 Thread 0x00000000186f1800 Uncommon trap: reason=unstable_if action=reinterpret pc=0x000000000436a4b8 method=java.util.WeakHashMap.expungeStaleEntries()V @ 53
Event: 3917.272 Thread 0x00000000261c3000 Uncommon trap: reason=unstable_if action=reinterpret pc=0x00000000097cff7c method=com.android.tools.r8.ir.conversion.V.b(Lcom/android/tools/r8/t/a/a/B;)Z @ 11
Event: 3917.303 Thread 0x00000000261c3000 Uncommon trap: reason=unstable_if action=reinterpret pc=0x0000000008f71188 method=com.android.tools.r8.ir.conversion.V.b(Lcom/android/tools/r8/t/a/a/B;)Z @ 11

Classes redefined (0 events):
No events

Internal exceptions (10 events):
Event: 3917.677 Thread 0x00000000261b6800 Exception <a 'sun/nio/fs/WindowsException'> (0x00000000e55c8bf8) thrown at [D:\src\AOSP-openjdk-cygwin\jdk8u\hotspot\src\share\vm\prims\jni.cpp, line 710]
Event: 3917.695 Thread 0x00000000261bc800 Exception <a 'sun/nio/fs/WindowsException'> (0x00000000e5738e30) thrown at [D:\src\AOSP-openjdk-cygwin\jdk8u\hotspot\src\share\vm\prims\jni.cpp, line 710]
Event: 3917.705 Thread 0x00000000261c3000 Exception <a 'sun/nio/fs/WindowsException'> (0x00000000e69f2cc8) thrown at [D:\src\AOSP-openjdk-cygwin\jdk8u\hotspot\src\share\vm\prims\jni.cpp, line 710]
Event: 3917.711 Thread 0x00000000261c0000 Exception <a 'sun/nio/fs/WindowsException'> (0x00000000e6e1e488) thrown at [D:\src\AOSP-openjdk-cygwin\jdk8u\hotspot\src\share\vm\prims\jni.cpp, line 710]
Event: 3917.727 Thread 0x00000000261bc800 Exception <a 'sun/nio/fs/WindowsException'> (0x00000000e81f2c40) thrown at [D:\src\AOSP-openjdk-cygwin\jdk8u\hotspot\src\share\vm\prims\jni.cpp, line 710]
Event: 3917.758 Thread 0x00000000261b6800 Exception <a 'sun/nio/fs/WindowsException'> (0x00000000e9978e88) thrown at [D:\src\AOSP-openjdk-cygwin\jdk8u\hotspot\src\share\vm\prims\jni.cpp, line 710]
Event: 3917.828 Thread 0x00000000261c0000 Exception <a 'sun/nio/fs/WindowsException'> (0x00000000ee43e8e8) thrown at [D:\src\AOSP-openjdk-cygwin\jdk8u\hotspot\src\share\vm\prims\jni.cpp, line 710]
Event: 3917.839 Thread 0x00000000261c4000 Exception <a 'sun/nio/fs/WindowsException'> (0x00000000ef0d4bb8) thrown at [D:\src\AOSP-openjdk-cygwin\jdk8u\hotspot\src\share\vm\prims\jni.cpp, line 710]
Event: 3917.842 Thread 0x00000000261c1000 Exception <a 'sun/nio/fs/WindowsException'> (0x00000000ef087110) thrown at [D:\src\AOSP-openjdk-cygwin\jdk8u\hotspot\src\share\vm\prims\jni.cpp, line 710]
Event: 3917.860 Thread 0x00000000261bc800 Exception <a 'java/lang/OutOfMemoryError'> (0x00000000efb49e30) thrown at [D:\src\AOSP-openjdk-cygwin\jdk8u\hotspot\src\share\vm\prims\jni.cpp, line 736]

Events (10 events):
Event: 3917.795 Thread 0x00000000261c1000 DEOPT PACKING pc=0x00000000088a2df6 sp=0x000000002a59b4b0
Event: 3917.795 Thread 0x00000000261c1000 DEOPT UNPACKING pc=0x0000000002b675d0 sp=0x000000002a59b300 mode 0
Event: 3917.798 Thread 0x00000000261c1000 DEOPT PACKING pc=0x0000000008c20803 sp=0x000000002a59b620
Event: 3917.798 Thread 0x00000000261c1000 DEOPT UNPACKING pc=0x0000000002b675d0 sp=0x000000002a59b4d8 mode 0
Event: 3917.830 Thread 0x00000000261b6800 DEOPT PACKING pc=0x00000000088a2ddf sp=0x000000001be793a0
Event: 3917.830 Thread 0x00000000261b6800 DEOPT UNPACKING pc=0x0000000002b675d0 sp=0x000000001be791f0 mode 0
Event: 3917.844 Thread 0x00000000261c0000 DEOPT PACKING pc=0x00000000089f0881 sp=0x000000002a49b6e0
Event: 3917.844 Thread 0x00000000261c0000 DEOPT UNPACKING pc=0x0000000002b675d0 sp=0x000000002a49b830 mode 0
Event: 3917.854 Thread 0x00000000261b6800 DEOPT PACKING pc=0x0000000008c25840 sp=0x000000001be794a0
Event: 3917.854 Thread 0x00000000261b6800 DEOPT UNPACKING pc=0x0000000002b675d0 sp=0x000000001be79208 mode 0


Dynamic libraries:
0x00007ff6570c0000 - 0x00007ff6570f1000 	C:\Users\Panthurax\AppData\Local\JetBrains\Toolbox\apps\AndroidStudio\ch-0\191.5977832\jre\bin\java.exe
0x00007ffe9c8e0000 - 0x00007ffe9cad0000 	C:\WINDOWS\SYSTEM32\ntdll.dll
0x00007ffe9c220000 - 0x00007ffe9c2d2000 	C:\WINDOWS\System32\KERNEL32.DLL
0x00007ffe99d40000 - 0x00007ffe99fe3000 	C:\WINDOWS\System32\KERNELBASE.dll
0x00007ffe97830000 - 0x00007ffe978bf000 	C:\WINDOWS\SYSTEM32\apphelp.dll
0x00007ffe9c480000 - 0x00007ffe9c523000 	C:\WINDOWS\System32\ADVAPI32.dll
0x00007ffe9c5e0000 - 0x00007ffe9c67e000 	C:\WINDOWS\System32\msvcrt.dll
0x00007ffe9b0d0000 - 0x00007ffe9b167000 	C:\WINDOWS\System32\sechost.dll
0x00007ffe9a990000 - 0x00007ffe9aab0000 	C:\WINDOWS\System32\RPCRT4.dll
0x00007ffe9c2e0000 - 0x00007ffe9c474000 	C:\WINDOWS\System32\USER32.dll
0x00007ffe9a790000 - 0x00007ffe9a7b1000 	C:\WINDOWS\System32\win32u.dll
0x00007ffe9c710000 - 0x00007ffe9c736000 	C:\WINDOWS\System32\GDI32.dll
0x00007ffe99940000 - 0x00007ffe99ad4000 	C:\WINDOWS\System32\gdi32full.dll
0x00007ffe9a7c0000 - 0x00007ffe9a85e000 	C:\WINDOWS\System32\msvcp_win.dll
0x00007ffe9a890000 - 0x00007ffe9a98a000 	C:\WINDOWS\System32\ucrtbase.dll
0x00007ffe8a040000 - 0x00007ffe8a2c5000 	C:\WINDOWS\WinSxS\amd64_microsoft.windows.common-controls_6595b64144ccf1df_6.0.18362.476_none_e6c4b11b130f2595\COMCTL32.dll
0x00007ffe9bd70000 - 0x00007ffe9c0a6000 	C:\WINDOWS\System32\combase.dll
0x00007ffe998c0000 - 0x00007ffe99940000 	C:\WINDOWS\System32\bcryptPrimitives.dll
0x00007ffe9b910000 - 0x00007ffe9b93e000 	C:\WINDOWS\System32\IMM32.DLL
0x000000006f270000 - 0x000000006f342000 	C:\Users\Panthurax\AppData\Local\JetBrains\Toolbox\apps\AndroidStudio\ch-0\191.5977832\jre\jre\bin\msvcr100.dll
0x000000006d0f0000 - 0x000000006d936000 	C:\Users\Panthurax\AppData\Local\JetBrains\Toolbox\apps\AndroidStudio\ch-0\191.5977832\jre\jre\bin\server\jvm.dll
0x00007ffe9af20000 - 0x00007ffe9af28000 	C:\WINDOWS\System32\PSAPI.DLL
0x00007ffe94870000 - 0x00007ffe9487a000 	C:\WINDOWS\SYSTEM32\VERSION.dll
0x00007ffe89940000 - 0x00007ffe89964000 	C:\WINDOWS\SYSTEM32\WINMM.dll
0x00007ffe95570000 - 0x00007ffe95579000 	C:\WINDOWS\SYSTEM32\WSOCK32.dll
0x00007ffe898c0000 - 0x00007ffe898ed000 	C:\WINDOWS\SYSTEM32\winmmbase.dll
0x00007ffe99870000 - 0x00007ffe998ba000 	C:\WINDOWS\System32\cfgmgr32.dll
0x00007ffe9bd00000 - 0x00007ffe9bd6f000 	C:\WINDOWS\System32\WS2_32.dll
0x00007ffe88230000 - 0x00007ffe8823f000 	C:\Users\Panthurax\AppData\Local\JetBrains\Toolbox\apps\AndroidStudio\ch-0\191.5977832\jre\jre\bin\verify.dll
0x00007ffe846c0000 - 0x00007ffe846e9000 	C:\Users\Panthurax\AppData\Local\JetBrains\Toolbox\apps\AndroidStudio\ch-0\191.5977832\jre\jre\bin\java.dll
0x00007ffe807e0000 - 0x00007ffe807f6000 	C:\Users\Panthurax\AppData\Local\JetBrains\Toolbox\apps\AndroidStudio\ch-0\191.5977832\jre\jre\bin\zip.dll
0x00007ffe9b220000 - 0x00007ffe9b905000 	C:\WINDOWS\System32\SHELL32.dll
0x00007ffe9b170000 - 0x00007ffe9b219000 	C:\WINDOWS\System32\shcore.dll
0x00007ffe99ff0000 - 0x00007ffe9a76e000 	C:\WINDOWS\System32\windows.storage.dll
0x00007ffe997e0000 - 0x00007ffe997ff000 	C:\WINDOWS\System32\profapi.dll
0x00007ffe99820000 - 0x00007ffe9986a000 	C:\WINDOWS\System32\powrprof.dll
0x00007ffe997b0000 - 0x00007ffe997c0000 	C:\WINDOWS\System32\UMPDC.dll
0x00007ffe9c840000 - 0x00007ffe9c892000 	C:\WINDOWS\System32\shlwapi.dll
0x00007ffe997c0000 - 0x00007ffe997d1000 	C:\WINDOWS\System32\kernel.appcore.dll
0x00007ffe9a770000 - 0x00007ffe9a787000 	C:\WINDOWS\System32\cryptsp.dll
0x00007ffe807c0000 - 0x00007ffe807da000 	C:\Users\Panthurax\AppData\Local\JetBrains\Toolbox\apps\AndroidStudio\ch-0\191.5977832\jre\jre\bin\net.dll
0x00007ffe99020000 - 0x00007ffe99087000 	C:\WINDOWS\system32\mswsock.dll
0x00007ffe7fc10000 - 0x00007ffe7fc21000 	C:\Users\Panthurax\AppData\Local\JetBrains\Toolbox\apps\AndroidStudio\ch-0\191.5977832\jre\jre\bin\nio.dll
0x00007ffe936f0000 - 0x00007ffe93716000 	C:\Users\Panthurax\.gradle\native\29\windows-amd64\native-platform.dll
0x00007ffe87180000 - 0x00007ffe8718d000 	C:\Users\Panthurax\AppData\Local\JetBrains\Toolbox\apps\AndroidStudio\ch-0\191.5977832\jre\jre\bin\management.dll
0x00007ffe98b90000 - 0x00007ffe98bc3000 	C:\WINDOWS\system32\rsaenh.dll
0x00007ffe9a860000 - 0x00007ffe9a886000 	C:\WINDOWS\System32\bcrypt.dll
0x00007ffe996d0000 - 0x00007ffe996f5000 	C:\WINDOWS\SYSTEM32\USERENV.dll
0x00007ffe991f0000 - 0x00007ffe991fc000 	C:\WINDOWS\SYSTEM32\CRYPTBASE.dll
0x00007ffe98d30000 - 0x00007ffe98d6a000 	C:\WINDOWS\SYSTEM32\IPHLPAPI.DLL
0x00007ffe9c700000 - 0x00007ffe9c708000 	C:\WINDOWS\System32\NSI.dll
0x00007ffe949f0000 - 0x00007ffe94a06000 	C:\WINDOWS\SYSTEM32\dhcpcsvc6.DLL
0x00007ffe94d50000 - 0x00007ffe94d6c000 	C:\WINDOWS\SYSTEM32\dhcpcsvc.DLL
0x00007ffe98d70000 - 0x00007ffe98e3a000 	C:\WINDOWS\SYSTEM32\DNSAPI.dll
0x00007ffe74c30000 - 0x00007ffe74c54000 	C:\Users\Panthurax\AppData\Local\JetBrains\Toolbox\apps\AndroidStudio\ch-0\191.5977832\jre\jre\bin\sunec.dll
0x00007ffe90e10000 - 0x00007ffe90e1a000 	C:\Windows\System32\rasadhlp.dll
0x00007ffe94070000 - 0x00007ffe940e7000 	C:\WINDOWS\System32\fwpuclnt.dll
0x00007ffe95a60000 - 0x00007ffe95a6b000 	C:\Users\Panthurax\AppData\Local\JetBrains\Toolbox\apps\AndroidStudio\ch-0\191.5977832\jre\jre\bin\sunmscapi.dll
0x00007ffe99ae0000 - 0x00007ffe99c29000 	C:\WINDOWS\System32\CRYPT32.dll
0x00007ffe99800000 - 0x00007ffe99812000 	C:\WINDOWS\System32\MSASN1.dll
0x00007ffe91eb0000 - 0x00007ffe91ece000 	C:\Users\Panthurax\AppData\Local\Temp\native-platform4261759362232731586dir\native-platform.dll
0x00007ffe93ec0000 - 0x00007ffe93ede000 	C:\Users\Panthurax\AppData\Local\Temp\native-platform239582799006554323dir\native-platform.dll

VM Arguments:
jvm_args: -Xmx1536m -Dfile.encoding=windows-1252 -Duser.country=AT -Duser.language=de -Duser.variant 
java_command: org.gradle.launcher.daemon.bootstrap.GradleDaemon 5.4.1
java_class_path (initial): C:\Users\Panthurax\.gradle\wrapper\dists\gradle-5.4.1-all\3221gyojl5jsh0helicew7rwx\gradle-5.4.1\lib\gradle-launcher-5.4.1.jar
Launcher Type: SUN_STANDARD

Environment Variables:
PATH=C:\Program Files\Haskell\bin;C:\Program Files\Haskell Platform\8.0.2-a\lib\extralibs\bin;C:\Program Files\Haskell Platform\8.0.2-a\bin;C:\ProgramData\Oracle\Java\javapath;C:\Program Files (x86)\Razer Chroma SDK\bin;C:\Program Files\Razer Chroma SDK\bin;C:\Windows\system32;C:\Windows;C:\Windows\System32\Wbem;C:\Windows\System32\WindowsPowerShell\v1.0\;C:\WINDOWS\system32;C:\WINDOWS;C:\WINDOWS\System32\Wbem;C:\WINDOWS\System32\WindowsPowerShell\v1.0\;C:\Program Files (x86)\NVIDIA Corporation\PhysX\Common;C:\WINDOWS\system32;C:\WINDOWS;C:\WINDOWS\System32\Wbem;C:\WINDOWS\System32\WindowsPowerShell\v1.0\;C:\WINDOWS\System32\OpenSSH\;C:\Program Files\NVIDIA Corporation\NVIDIA NvDLISR;C:\Program Files\Haskell Platform\8.0.2-a\mingw\bin;C:\Program Files\Microsoft SQL Server\Client SDK\ODBC\130\Tools\Binn\;C:\Program Files (x86)\Microsoft SQL Server\140\Tools\Binn\;C:\Program Files\Microsoft SQL Server\140\Tools\Binn\;C:\Program Files\Microsoft SQL Server\140\DTS\Binn\;C:\Program Files (x86)\Microsoft SQL Server\Client SDK\ODBC\130\Tools\Binn\;C:\Program Files (x86)\Microsoft SQL Server\140\DTS\Binn\;C:\Program Files (x86)\Microsoft SQL Server\140\Tools\Binn\ManagementStudio\;C:\Users\Panthurax\AppData\Local\Microsoft\WindowsApps;C:\Users\Panthurax\AppData\Local\atom\bin;C:\Users\Panthurax\AppData\Local\Microsoft\WindowsApps;C:\Users\Panthurax\AppData\Local\Programs\Git\cmd
USERNAME=Martin
OS=Windows_NT
PROCESSOR_IDENTIFIER=Intel64 Family 6 Model 60 Stepping 3, GenuineIntel



---------------  S Y S T E M  ---------------

OS: Windows 10.0 , 64 bit Build 18362 (10.0.18362.329)

CPU:total 8 (initial active 8) (4 cores per cpu, 2 threads per core) family 6 model 60 stepping 3, cmov, cx8, fxsr, mmx, sse, sse2, sse3, ssse3, sse4.1, sse4.2, popcnt, avx, avx2, aes, clmul, erms, lzcnt, ht, tsc, tscinvbit, bmi1, bmi2

Memory: 4k page, physical 16719804k(3376688k free), swap 16719804k(5520k free)

vm_info: OpenJDK 64-Bit Server VM (25.202-b03) for windows-amd64 JRE (1.8.0_202-release-1483-b03), built by "builder" with MS VC++ 10.0 (VS2010)

time: Wed Nov 27 20:11:30 2019
timezone: Mitteleuropäische Zeit
elapsed time: 3917 seconds (0d 1h 5m 17s)

